生成启动时间为 2016/12/18 16:04:14。
     1>项目“D:\Proiect\Program_practice\Gluttonus_Snake\Gluttonus_Snake\Gluttonus_Snake.vcxproj”在节点 2 上(build 个目标)。
     1>InitializeBuildStatus:
         正在对“Debug\Gluttonus_Snake.unsuccessfulbuild”执行 Touch 任务。
       ClCompile:
         所有输出均为最新。
         D:\Program Files (x86)\Microsoft Visual Studio 10.0\VC\bin\CL.exe /c /ZI /nologo /W3 /WX- /Od /Oy- /D WIN32 /D _DEBUG /D _CONSOLE /D _UNICODE /D UNICODE /Gm /EHsc /RTC1 /MDd /GS /fp:precise /Zc:wchar_t /Zc:forScope /Yu"StdAfx.h" /Fp"Debug\Gluttonus_Snake.pch" /Fo"Debug\\" /Fd"Debug\vc100.pdb" /Gd /TP /analyze- /errorReport:prompt cSnake.cpp
         cSnake.cpp
     1>d:\proiect\program_practice\gluttonus_snake\gluttonus_snake\csnake.cpp(141): warning C4244: “参数”: 从“time_t”转换到“unsigned int”，可能丢失数据
       ManifestResourceCompile:
         所有输出均为最新。
       Link:
         D:\Program Files (x86)\Microsoft Visual Studio 10.0\VC\bin\link.exe /ERRORREPORT:PROMPT /OUT:"D:\Proiect\Program_practice\Gluttonus_Snake\Debug\Gluttonus_Snake.exe" /INCREMENTAL /NOLOGO kernel32.lib user32.lib gdi32.lib winspool.lib comdlg32.lib advapi32.lib shell32.lib ole32.lib oleaut32.lib uuid.lib odbc32.lib odbccp32.lib /MANIFEST /ManifestFile:"Debug\Gluttonus_Snake.exe.intermediate.manifest" /MANIFESTUAC:"level='asInvoker' uiAccess='false'" /DEBUG /PDB:"D:\Proiect\Program_practice\Gluttonus_Snake\Debug\Gluttonus_Snake.pdb" /SUBSYSTEM:CONSOLE /TLBID:1 /DYNAMICBASE /NXCOMPAT /IMPLIB:"D:\Proiect\Program_practice\Gluttonus_Snake\Debug\Gluttonus_Snake.lib" /MACHINE:X86 Debug\Gluttonus_Snake.exe.embed.manifest.res
         Debug\cSnake.obj
         Debug\Gluttonus_Snake.obj
         Debug\snake_list.obj
         Debug\stdafx.obj
       Manifest:
         C:\Program Files (x86)\Microsoft SDKs\Windows\v7.0A\bin\mt.exe /nologo /verbose /out:"Debug\Gluttonus_Snake.exe.embed.manifest" /manifest Debug\Gluttonus_Snake.exe.intermediate.manifest
         所有输出均为最新。
       LinkEmbedManifest:
         所有输出均为最新。
         Gluttonus_Snake.vcxproj -> D:\Proiect\Program_practice\Gluttonus_Snake\Debug\Gluttonus_Snake.exe
       FinalizeBuildStatus:
         正在删除文件“Debug\Gluttonus_Snake.unsuccessfulbuild”。
         正在对“Debug\Gluttonus_Snake.lastbuildstate”执行 Touch 任务。
     1>已完成生成项目“D:\Proiect\Program_practice\Gluttonus_Snake\Gluttonus_Snake\Gluttonus_Snake.vcxproj”(build 个目标)的操作。

生成成功。

已用时间 00:00:02.10
